GA_package
1 fitness 68.18529892489293 9.296057130337363
1 gains -16.4 13.29059818066892
1 player life 1.6 4.800000000000001
1 enemy life 18.0 9.797958971132712
2 fitness 17.651353869364605 19.370674989637294
2 gains -74.0 21.540659228538015
2 player life 0.0 0.0
2 enemy life 74.0 21.540659228538015
3 fitness 69.478450376874 12.660294861894009
3 gains -7.8 25.914474719739157
3 player life 9.2 14.062716664997556
3 enemy life 17.0 12.68857754044952
4 fitness 18.14172447123017 11.35747314004399
4 gains -73.0 12.68857754044952
4 player life 0.0 0.0
4 enemy life 73.0 12.68857754044952
5 fitness 90.89802594703733 1.772946828547085
5 gains 67.32400000000023 14.342289357002882
5 player life 67.32400000000023 14.342289357002882
5 enemy life 0.0 0.0
6 fitness 66.07824214209884 12.289578649812634
6 gains -18.059999999999953 16.53893587870763
6 player life 1.9400000000000464 3.9920420839466004
6 enemy life 20.0 13.416407864998739
7 fitness 7.340877709465107 12.970893985199467
7 gains -88.0 15.362291495737216
7 player life 0.0 0.0
7 enemy life 88.0 15.362291495737216
8 fitness 46.23000243113968 23.570927343818536
8 gains -39.87999999999995 29.76860090766788
8 player life 2.1200000000000467 5.664768309472224
8 enemy life 42.0 26.0

NEAT
1 fitness 62.71102249607875 7.291672288275019
1 gains -24.0 8.0
1 player life 0.0 0.0
1 enemy life 24.0 8.0
2 fitness 17.778606538587916 16.936838325681297
2 gains -74.0 19.078784028338912
2 player life 0.0 0.0
2 enemy life 74.0 19.078784028338912
3 fitness 61.468530114158646 8.26978883039748
3 gains -25.0 9.219544457292887
3 player life 0.0 0.0
3 enemy life 25.0 9.219544457292887
4 fitness 6.737812271750679 5.9778159811203455
4 gains -86.0 6.6332495807108
4 player life 0.0 0.0
4 enemy life 86.0 6.6332495807108
5 fitness 91.9807456177655 1.2866160243539218
5 gains 75.55600000000022 10.39466709423629
5 player life 75.55600000000022 10.39466709423629
5 enemy life 0.0 0.0
6 fitness 66.08847893939021 11.863954995448863
6 gains -15.599999999999952 20.361532358837916
6 player life 4.400000000000048 8.86521291340494
6 enemy life 20.0 12.649110640673518
7 fitness 7.949722872070095 15.287835552318956
7 gains -87.0 18.466185312619388
7 player life 0.0 0.0
7 enemy life 87.0 18.466185312619388
8 fitness 57.793059264669296 26.15991539559925
8 gains -18.739999999999892 42.23098862210081
8 player life 11.260000000000108 19.489905079296932
8 enemy life 30.0 27.92848008753788

Island
1 fitness 6.137096439394446 4.844544434244028
1 gains -87.2 5.3814496188294845
1 player life 0.0 0.0
1 enemy life 87.2 5.3814496188294845
2 fitness 20.128210642418594 7.20730251528676
2 gains -71.2 8.009993757800315
2 player life 0.0 0.0
2 enemy life 71.2 8.009993757800315
3 fitness 14.529885743473523 4.403385220143135
3 gains -77.2 4.915282290977803
3 player life 0.0 0.0
3 enemy life 77.2 4.915282290977803
4 fitness 6.542036935756559 3.3167065853793494
4 gains -86.6 3.6932370625238775
4 player life 0.0 0.0
4 enemy life 86.6 3.6932370625238775
5 fitness 66.15607694321018 13.184102351617858
5 gains -9.775999999999877 20.71405474551041
5 player life 10.424000000000124 7.335288951363871
5 enemy life 20.2 13.840520221436766
6 fitness -3.174888077138208 1.1466856968583472
6 gains -98.0 1.2649110640673518
6 player life 0.0 0.0
6 enemy life 98.0 1.2649110640673518
7 fitness 7.847867959523901 2.8097534829710304
7 gains -84.8 3.1240998703626617
7 player life 0.0 0.0
7 enemy life 84.8 3.1240998703626617
8 fitness 2.1009526672760184 2.2523817858060933
8 gains -91.6 2.4979991993593593
8 player life 0.0 0.0
8 enemy life 91.6 2.4979991993593593