pygame 1.9.6
Hello from the pygame community. https://www.pygame.org/contribute.html

MESSAGE: Pygame initialized for simulation.
Test results trial 1: Fitness 75.72188534076949, Gain: -10.0.

MESSAGE: Pygame initialized for simulation.
Test results trial 1: Fitness 75.72188534076949, Gain: -10.0.

MESSAGE: Pygame initialized for simulation.
Test results trial 1: Fitness 75.72188534076949, Gain: -10.0.

MESSAGE: Pygame initialized for simulation.
Test results trial 1: Fitness 75.72188534076949, Gain: -10.0.

MESSAGE: Pygame initialized for simulation.
Test results trial 1: Fitness 75.72188534076949, Gain: -10.0.

MESSAGE: Pygame initialized for simulation.
Test results trial 2: Fitness 66.15067522005315, Gain: -20.0.

MESSAGE: Pygame initialized for simulation.
Test results trial 2: Fitness 66.15067522005315, Gain: -20.0.

MESSAGE: Pygame initialized for simulation.
Test results trial 2: Fitness 66.15067522005315, Gain: -20.0.

MESSAGE: Pygame initialized for simulation.
Test results trial 2: Fitness 66.15067522005315, Gain: -20.0.

MESSAGE: Pygame initialized for simulation.
Test results trial 2: Fitness 66.15067522005315, Gain: -20.0.

MESSAGE: Pygame initialized for simulation.
Test results trial 3: Fitness 57.74250462797222, Gain: -30.0.

MESSAGE: Pygame initialized for simulation.
Test results trial 3: Fitness 57.74250462797222, Gain: -30.0.

MESSAGE: Pygame initialized for simulation.
Test results trial 3: Fitness 57.74250462797222, Gain: -30.0.

MESSAGE: Pygame initialized for simulation.
Test results trial 3: Fitness 57.74250462797222, Gain: -30.0.

MESSAGE: Pygame initialized for simulation.
Test results trial 3: Fitness 57.74250462797222, Gain: -30.0.

MESSAGE: Pygame initialized for simulation.
Test results trial 4: Fitness 56.82413272989424, Gain: -30.0.

MESSAGE: Pygame initialized for simulation.
Test results trial 4: Fitness 56.82413272989424, Gain: -30.0.

MESSAGE: Pygame initialized for simulation.
Test results trial 4: Fitness 56.82413272989424, Gain: -30.0.

MESSAGE: Pygame initialized for simulation.
Test results trial 4: Fitness 56.82413272989424, Gain: -30.0.

MESSAGE: Pygame initialized for simulation.
Test results trial 4: Fitness 56.82413272989424, Gain: -30.0.

MESSAGE: Pygame initialized for simulation.
Test results trial 5: Fitness 74.63869752242701, Gain: -10.0.

MESSAGE: Pygame initialized for simulation.
Test results trial 5: Fitness 74.63869752242701, Gain: -10.0.

MESSAGE: Pygame initialized for simulation.
Test results trial 5: Fitness 74.63869752242701, Gain: -10.0.

MESSAGE: Pygame initialized for simulation.
Test results trial 5: Fitness 74.63869752242701, Gain: -10.0.

MESSAGE: Pygame initialized for simulation.
Test results trial 5: Fitness 74.63869752242701, Gain: -10.0.

MESSAGE: Pygame initialized for simulation.
Test results trial 6: Fitness 75.31302464366019, Gain: -10.0.

MESSAGE: Pygame initialized for simulation.
Test results trial 6: Fitness 75.31302464366019, Gain: -10.0.

MESSAGE: Pygame initialized for simulation.
Test results trial 6: Fitness 75.31302464366019, Gain: -10.0.

MESSAGE: Pygame initialized for simulation.
Test results trial 6: Fitness 75.31302464366019, Gain: -10.0.

MESSAGE: Pygame initialized for simulation.
Test results trial 6: Fitness 75.31302464366019, Gain: -10.0.

MESSAGE: Pygame initialized for simulation.
Test results trial 7: Fitness 56.61987746310024, Gain: -30.0.

MESSAGE: Pygame initialized for simulation.
Test results trial 7: Fitness 56.61987746310024, Gain: -30.0.

MESSAGE: Pygame initialized for simulation.
Test results trial 7: Fitness 56.61987746310024, Gain: -30.0.

MESSAGE: Pygame initialized for simulation.
Test results trial 7: Fitness 56.61987746310024, Gain: -30.0.

MESSAGE: Pygame initialized for simulation.
Test results trial 7: Fitness 56.61987746310024, Gain: -30.0.

MESSAGE: Pygame initialized for simulation.
Test results trial 8: Fitness 86.38506424239101, Gain: 16.

MESSAGE: Pygame initialized for simulation.
Test results trial 8: Fitness 86.38506424239101, Gain: 16.

MESSAGE: Pygame initialized for simulation.
Test results trial 8: Fitness 86.38506424239101, Gain: 16.

MESSAGE: Pygame initialized for simulation.
Test results trial 8: Fitness 86.38506424239101, Gain: 16.

MESSAGE: Pygame initialized for simulation.
Test results trial 8: Fitness 86.38506424239101, Gain: 16.

MESSAGE: Pygame initialized for simulation.
Test results trial 9: Fitness 66.23167900420623, Gain: -20.0.

MESSAGE: Pygame initialized for simulation.
Test results trial 9: Fitness 66.23167900420623, Gain: -20.0.

MESSAGE: Pygame initialized for simulation.
Test results trial 9: Fitness 66.23167900420623, Gain: -20.0.

MESSAGE: Pygame initialized for simulation.
Test results trial 9: Fitness 66.23167900420623, Gain: -20.0.

MESSAGE: Pygame initialized for simulation.
Test results trial 9: Fitness 66.23167900420623, Gain: -20.0.

MESSAGE: Pygame initialized for simulation.
Test results trial 10: Fitness 66.22544845445559, Gain: -20.0.

MESSAGE: Pygame initialized for simulation.
Test results trial 10: Fitness 66.22544845445559, Gain: -20.0.

MESSAGE: Pygame initialized for simulation.
Test results trial 10: Fitness 66.22544845445559, Gain: -20.0.

MESSAGE: Pygame initialized for simulation.
Test results trial 10: Fitness 66.22544845445559, Gain: -20.0.

MESSAGE: Pygame initialized for simulation.
Test results trial 10: Fitness 66.22544845445559, Gain: -20.0.
1 fitness 68.18529892489293 9.296057130337363
1 gains -16.4 13.29059818066892
1 player life 1.6 4.800000000000001
1 enemy life 18.0 9.797958971132712

MESSAGE: Pygame initialized for simulation.
Test results trial 1: Fitness 48.25060701409175, Gain: -40.0.

MESSAGE: Pygame initialized for simulation.
Test results trial 1: Fitness 48.25060701409175, Gain: -40.0.

MESSAGE: Pygame initialized for simulation.
Test results trial 1: Fitness 48.25060701409175, Gain: -40.0.

MESSAGE: Pygame initialized for simulation.
Test results trial 1: Fitness 48.25060701409175, Gain: -40.0.

MESSAGE: Pygame initialized for simulation.
Test results trial 1: Fitness 48.25060701409175, Gain: -40.0.

MESSAGE: Pygame initialized for simulation.
Test results trial 2: Fitness -5.860786223465865, Gain: -100.

MESSAGE: Pygame initialized for simulation.
Test results trial 2: Fitness -5.860786223465865, Gain: -100.

MESSAGE: Pygame initialized for simulation.
Test results trial 2: Fitness -5.860786223465865, Gain: -100.

MESSAGE: Pygame initialized for simulation.
Test results trial 2: Fitness -5.860786223465865, Gain: -100.

MESSAGE: Pygame initialized for simulation.
Test results trial 2: Fitness -5.860786223465865, Gain: -100.

MESSAGE: Pygame initialized for simulation.
Test results trial 3: Fitness 4.002787726235885, Gain: -90.0.

MESSAGE: Pygame initialized for simulation.
Test results trial 3: Fitness 4.002787726235885, Gain: -90.0.

MESSAGE: Pygame initialized for simulation.
Test results trial 3: Fitness 4.002787726235885, Gain: -90.0.

MESSAGE: Pygame initialized for simulation.
Test results trial 3: Fitness 4.002787726235885, Gain: -90.0.

MESSAGE: Pygame initialized for simulation.
Test results trial 3: Fitness 4.002787726235885, Gain: -90.0.

MESSAGE: Pygame initialized for simulation.
Test results trial 4: Fitness 12.031292440014635, Gain: -80.0.

MESSAGE: Pygame initialized for simulation.
Test results trial 4: Fitness 12.031292440014635, Gain: -80.0.

MESSAGE: Pygame initialized for simulation.
Test results trial 4: Fitness 12.031292440014635, Gain: -80.0.

MESSAGE: Pygame initialized for simulation.
Test results trial 4: Fitness 12.031292440014635, Gain: -80.0.

MESSAGE: Pygame initialized for simulation.
Test results trial 4: Fitness 12.031292440014635, Gain: -80.0.

MESSAGE: Pygame initialized for simulation.
Test results trial 5: Fitness 48.19788162462294, Gain: -40.0.

MESSAGE: Pygame initialized for simulation.
Test results trial 5: Fitness 48.19788162462294, Gain: -40.0.

MESSAGE: Pygame initialized for simulation.
Test results trial 5: Fitness 48.19788162462294, Gain: -40.0.

MESSAGE: Pygame initialized for simulation.
Test results trial 5: Fitness 48.19788162462294, Gain: -40.0.

MESSAGE: Pygame initialized for simulation.
Test results trial 5: Fitness 48.19788162462294, Gain: -40.0.

MESSAGE: Pygame initialized for simulation.
Test results trial 6: Fitness 39.22855887686998, Gain: -50.0.

MESSAGE: Pygame initialized for simulation.
Test results trial 6: Fitness 39.22855887686998, Gain: -50.0.

MESSAGE: Pygame initialized for simulation.
Test results trial 6: Fitness 39.22855887686998, Gain: -50.0.

MESSAGE: Pygame initialized for simulation.
Test results trial 6: Fitness 39.22855887686998, Gain: -50.0.

MESSAGE: Pygame initialized for simulation.
Test results trial 6: Fitness 39.22855887686998, Gain: -50.0.

MESSAGE: Pygame initialized for simulation.
Test results trial 7: Fitness -5.963579343618446, Gain: -100.

MESSAGE: Pygame initialized for simulation.
Test results trial 7: Fitness -5.963579343618446, Gain: -100.

MESSAGE: Pygame initialized for simulation.
Test results trial 7: Fitness -5.963579343618446, Gain: -100.

MESSAGE: Pygame initialized for simulation.
Test results trial 7: Fitness -5.963579343618446, Gain: -100.

MESSAGE: Pygame initialized for simulation.
Test results trial 7: Fitness -5.963579343618446, Gain: -100.

MESSAGE: Pygame initialized for simulation.
Test results trial 8: Fitness 12.333573311887568, Gain: -80.0.

MESSAGE: Pygame initialized for simulation.
Test results trial 8: Fitness 12.333573311887568, Gain: -80.0.

MESSAGE: Pygame initialized for simulation.
Test results trial 8: Fitness 12.333573311887568, Gain: -80.0.

MESSAGE: Pygame initialized for simulation.
Test results trial 8: Fitness 12.333573311887568, Gain: -80.0.

MESSAGE: Pygame initialized for simulation.
Test results trial 8: Fitness 12.333573311887568, Gain: -80.0.

MESSAGE: Pygame initialized for simulation.
Test results trial 9: Fitness 12.225448454455591, Gain: -80.0.

MESSAGE: Pygame initialized for simulation.
Test results trial 9: Fitness 12.225448454455591, Gain: -80.0.

MESSAGE: Pygame initialized for simulation.
Test results trial 9: Fitness 12.225448454455591, Gain: -80.0.

MESSAGE: Pygame initialized for simulation.
Test results trial 9: Fitness 12.225448454455591, Gain: -80.0.

MESSAGE: Pygame initialized for simulation.
Test results trial 9: Fitness 12.225448454455591, Gain: -80.0.

MESSAGE: Pygame initialized for simulation.
Test results trial 10: Fitness 12.06775481255199, Gain: -80.0.

MESSAGE: Pygame initialized for simulation.
Test results trial 10: Fitness 12.06775481255199, Gain: -80.0.

MESSAGE: Pygame initialized for simulation.
Test results trial 10: Fitness 12.06775481255199, Gain: -80.0.

MESSAGE: Pygame initialized for simulation.
Test results trial 10: Fitness 12.06775481255199, Gain: -80.0.

MESSAGE: Pygame initialized for simulation.
Test results trial 10: Fitness 12.06775481255199, Gain: -80.0.
2 fitness 17.651353869364605 19.370674989637294
2 gains -74.0 21.540659228538015
2 player life 0.0 0.0
2 enemy life 74.0 21.540659228538015

MESSAGE: Pygame initialized for simulation.
Test results trial 1: Fitness 86.99140997390337, Gain: 32.

MESSAGE: Pygame initialized for simulation.
Test results trial 1: Fitness 86.99140997390337, Gain: 32.

MESSAGE: Pygame initialized for simulation.
Test results trial 1: Fitness 86.99140997390337, Gain: 32.

MESSAGE: Pygame initialized for simulation.
Test results trial 1: Fitness 86.99140997390337, Gain: 32.

MESSAGE: Pygame initialized for simulation.
Test results trial 1: Fitness 86.99140997390337, Gain: 32.

MESSAGE: Pygame initialized for simulation.
Test results trial 2: Fitness 56.555868743299555, Gain: -30.0.

MESSAGE: Pygame initialized for simulation.
Test results trial 2: Fitness 56.555868743299555, Gain: -30.0.

MESSAGE: Pygame initialized for simulation.
Test results trial 2: Fitness 56.555868743299555, Gain: -30.0.

MESSAGE: Pygame initialized for simulation.
Test results trial 2: Fitness 56.555868743299555, Gain: -30.0.

MESSAGE: Pygame initialized for simulation.
Test results trial 2: Fitness 56.555868743299555, Gain: -30.0.

MESSAGE: Pygame initialized for simulation.
Test results trial 3: Fitness 66.04935744741228, Gain: -20.0.

MESSAGE: Pygame initialized for simulation.
Test results trial 3: Fitness 66.04935744741228, Gain: -20.0.

MESSAGE: Pygame initialized for simulation.
Test results trial 3: Fitness 66.04935744741228, Gain: -20.0.

MESSAGE: Pygame initialized for simulation.
Test results trial 3: Fitness 66.04935744741228, Gain: -20.0.

MESSAGE: Pygame initialized for simulation.
Test results trial 3: Fitness 66.04935744741228, Gain: -20.0.

MESSAGE: Pygame initialized for simulation.
Test results trial 4: Fitness 65.95262782095372, Gain: -20.0.

MESSAGE: Pygame initialized for simulation.
Test results trial 4: Fitness 65.95262782095372, Gain: -20.0.

MESSAGE: Pygame initialized for simulation.
Test results trial 4: Fitness 65.95262782095372, Gain: -20.0.

MESSAGE: Pygame initialized for simulation.
Test results trial 4: Fitness 65.95262782095372, Gain: -20.0.

MESSAGE: Pygame initialized for simulation.
Test results trial 4: Fitness 65.95262782095372, Gain: -20.0.

MESSAGE: Pygame initialized for simulation.
Test results trial 5: Fitness 86.8137913760995, Gain: 30.

MESSAGE: Pygame initialized for simulation.
Test results trial 5: Fitness 86.8137913760995, Gain: 30.

MESSAGE: Pygame initialized for simulation.
Test results trial 5: Fitness 86.8137913760995, Gain: 30.

MESSAGE: Pygame initialized for simulation.
Test results trial 5: Fitness 86.8137913760995, Gain: 30.

MESSAGE: Pygame initialized for simulation.
Test results trial 5: Fitness 86.8137913760995, Gain: 30.

MESSAGE: Pygame initialized for simulation.
Test results trial 6: Fitness 86.84090461150807, Gain: 30.

MESSAGE: Pygame initialized for simulation.
Test results trial 6: Fitness 86.84090461150807, Gain: 30.

MESSAGE: Pygame initialized for simulation.
Test results trial 6: Fitness 86.84090461150807, Gain: 30.

MESSAGE: Pygame initialized for simulation.
Test results trial 6: Fitness 86.84090461150807, Gain: 30.

MESSAGE: Pygame initialized for simulation.
Test results trial 6: Fitness 86.84090461150807, Gain: 30.

MESSAGE: Pygame initialized for simulation.
Test results trial 7: Fitness 74.8536707423311, Gain: -10.0.

MESSAGE: Pygame initialized for simulation.
Test results trial 7: Fitness 74.8536707423311, Gain: -10.0.

MESSAGE: Pygame initialized for simulation.
Test results trial 7: Fitness 74.8536707423311, Gain: -10.0.

MESSAGE: Pygame initialized for simulation.
Test results trial 7: Fitness 74.8536707423311, Gain: -10.0.

MESSAGE: Pygame initialized for simulation.
Test results trial 7: Fitness 74.8536707423311, Gain: -10.0.

MESSAGE: Pygame initialized for simulation.
Test results trial 8: Fitness 57.17399989261955, Gain: -30.0.

MESSAGE: Pygame initialized for simulation.
Test results trial 8: Fitness 57.17399989261955, Gain: -30.0.

MESSAGE: Pygame initialized for simulation.
Test results trial 8: Fitness 57.17399989261955, Gain: -30.0.

MESSAGE: Pygame initialized for simulation.
Test results trial 8: Fitness 57.17399989261955, Gain: -30.0.

MESSAGE: Pygame initialized for simulation.
Test results trial 8: Fitness 57.17399989261955, Gain: -30.0.

MESSAGE: Pygame initialized for simulation.
Test results trial 9: Fitness 56.77346333071253, Gain: -30.0.

MESSAGE: Pygame initialized for simulation.
Test results trial 9: Fitness 56.77346333071253, Gain: -30.0.

MESSAGE: Pygame initialized for simulation.
Test results trial 9: Fitness 56.77346333071253, Gain: -30.0.

MESSAGE: Pygame initialized for simulation.
Test results trial 9: Fitness 56.77346333071253, Gain: -30.0.

MESSAGE: Pygame initialized for simulation.
Test results trial 9: Fitness 56.77346333071253, Gain: -30.0.

MESSAGE: Pygame initialized for simulation.
Test results trial 10: Fitness 56.77940982990026, Gain: -30.0.

MESSAGE: Pygame initialized for simulation.
Test results trial 10: Fitness 56.77940982990026, Gain: -30.0.

MESSAGE: Pygame initialized for simulation.
Test results trial 10: Fitness 56.77940982990026, Gain: -30.0.

MESSAGE: Pygame initialized for simulation.
Test results trial 10: Fitness 56.77940982990026, Gain: -30.0.

MESSAGE: Pygame initialized for simulation.
Test results trial 10: Fitness 56.77940982990026, Gain: -30.0.
3 fitness 69.478450376874 12.660294861894009
3 gains -7.8 25.914474719739157
3 player life 9.2 14.062716664997556
3 enemy life 17.0 12.68857754044952

MESSAGE: Pygame initialized for simulation.
Test results trial 1: Fitness 30.0572006248733, Gain: -60.0.

MESSAGE: Pygame initialized for simulation.
Test results trial 1: Fitness 30.0572006248733, Gain: -60.0.

MESSAGE: Pygame initialized for simulation.
Test results trial 1: Fitness 30.0572006248733, Gain: -60.0.

MESSAGE: Pygame initialized for simulation.
Test results trial 1: Fitness 30.0572006248733, Gain: -60.0.

MESSAGE: Pygame initialized for simulation.
Test results trial 1: Fitness 30.0572006248733, Gain: -60.0.

MESSAGE: Pygame initialized for simulation.
Test results trial 2: Fitness 20.53541169631004, Gain: -70.0.

MESSAGE: Pygame initialized for simulation.
Test results trial 2: Fitness 20.53541169631004, Gain: -70.0.

MESSAGE: Pygame initialized for simulation.
Test results trial 2: Fitness 20.53541169631004, Gain: -70.0.

MESSAGE: Pygame initialized for simulation.
Test results trial 2: Fitness 20.53541169631004, Gain: -70.0.

MESSAGE: Pygame initialized for simulation.
Test results trial 2: Fitness 20.53541169631004, Gain: -70.0.

MESSAGE: Pygame initialized for simulation.
Test results trial 3: Fitness 2.8199833463474278, Gain: -90.0.

MESSAGE: Pygame initialized for simulation.
Test results trial 3: Fitness 2.8199833463474278, Gain: -90.0.

MESSAGE: Pygame initialized for simulation.
Test results trial 3: Fitness 2.8199833463474278, Gain: -90.0.

MESSAGE: Pygame initialized for simulation.
Test results trial 3: Fitness 2.8199833463474278, Gain: -90.0.

MESSAGE: Pygame initialized for simulation.
Test results trial 3: Fitness 2.8199833463474278, Gain: -90.0.

MESSAGE: Pygame initialized for simulation.
Test results trial 4: Fitness 20.621573816348413, Gain: -70.0.

MESSAGE: Pygame initialized for simulation.
Test results trial 4: Fitness 20.621573816348413, Gain: -70.0.

MESSAGE: Pygame initialized for simulation.
Test results trial 4: Fitness 20.621573816348413, Gain: -70.0.

MESSAGE: Pygame initialized for simulation.
Test results trial 4: Fitness 20.621573816348413, Gain: -70.0.

MESSAGE: Pygame initialized for simulation.
Test results trial 4: Fitness 20.621573816348413, Gain: -70.0.

MESSAGE: Pygame initialized for simulation.
Test results trial 5: Fitness 21.231679004206228, Gain: -70.0.

MESSAGE: Pygame initialized for simulation.
Test results trial 5: Fitness 21.231679004206228, Gain: -70.0.

MESSAGE: Pygame initialized for simulation.
Test results trial 5: Fitness 21.231679004206228, Gain: -70.0.

MESSAGE: Pygame initialized for simulation.
Test results trial 5: Fitness 21.231679004206228, Gain: -70.0.

MESSAGE: Pygame initialized for simulation.
Test results trial 5: Fitness 21.231679004206228, Gain: -70.0.

MESSAGE: Pygame initialized for simulation.
Test results trial 6: Fitness 38.364053444313356, Gain: -50.0.

MESSAGE: Pygame initialized for simulation.
Test results trial 6: Fitness 38.364053444313356, Gain: -50.0.

MESSAGE: Pygame initialized for simulation.
Test results trial 6: Fitness 38.364053444313356, Gain: -50.0.

MESSAGE: Pygame initialized for simulation.
Test results trial 6: Fitness 38.364053444313356, Gain: -50.0.

MESSAGE: Pygame initialized for simulation.
Test results trial 6: Fitness 38.364053444313356, Gain: -50.0.

MESSAGE: Pygame initialized for simulation.
Test results trial 7: Fitness 20.44749211296541, Gain: -70.0.

MESSAGE: Pygame initialized for simulation.
Test results trial 7: Fitness 20.44749211296541, Gain: -70.0.

MESSAGE: Pygame initialized for simulation.
Test results trial 7: Fitness 20.44749211296541, Gain: -70.0.

MESSAGE: Pygame initialized for simulation.
Test results trial 7: Fitness 20.44749211296541, Gain: -70.0.

MESSAGE: Pygame initialized for simulation.
Test results trial 7: Fitness 20.44749211296541, Gain: -70.0.

MESSAGE: Pygame initialized for simulation.
Test results trial 8: Fitness 21.575049982518596, Gain: -70.0.

MESSAGE: Pygame initialized for simulation.
Test results trial 8: Fitness 21.575049982518596, Gain: -70.0.

MESSAGE: Pygame initialized for simulation.
Test results trial 8: Fitness 21.575049982518596, Gain: -70.0.

MESSAGE: Pygame initialized for simulation.
Test results trial 8: Fitness 21.575049982518596, Gain: -70.0.

MESSAGE: Pygame initialized for simulation.
Test results trial 8: Fitness 21.575049982518596, Gain: -70.0.

MESSAGE: Pygame initialized for simulation.
Test results trial 9: Fitness 2.981406785503766, Gain: -90.0.

MESSAGE: Pygame initialized for simulation.
Test results trial 9: Fitness 2.981406785503766, Gain: -90.0.

MESSAGE: Pygame initialized for simulation.
Test results trial 9: Fitness 2.981406785503766, Gain: -90.0.

MESSAGE: Pygame initialized for simulation.
Test results trial 9: Fitness 2.981406785503766, Gain: -90.0.

MESSAGE: Pygame initialized for simulation.
Test results trial 9: Fitness 2.981406785503766, Gain: -90.0.

MESSAGE: Pygame initialized for simulation.
Test results trial 10: Fitness 2.7833938989151354, Gain: -90.0.

MESSAGE: Pygame initialized for simulation.
Test results trial 10: Fitness 2.7833938989151354, Gain: -90.0.

MESSAGE: Pygame initialized for simulation.
Test results trial 10: Fitness 2.7833938989151354, Gain: -90.0.

MESSAGE: Pygame initialized for simulation.
Test results trial 10: Fitness 2.7833938989151354, Gain: -90.0.

MESSAGE: Pygame initialized for simulation.
Test results trial 10: Fitness 2.7833938989151354, Gain: -90.0.
4 fitness 18.14172447123017 11.35747314004399
4 gains -73.0 12.68857754044952
4 player life 0.0 0.0
4 enemy life 73.0 12.68857754044952

MESSAGE: Pygame initialized for simulation.
Test results trial 1: Fitness 92.78951600496187, Gain: 79.6000000000002.

MESSAGE: Pygame initialized for simulation.
Test results trial 1: Fitness 92.78951600496187, Gain: 79.6000000000002.

MESSAGE: Pygame initialized for simulation.
Test results trial 1: Fitness 93.40094470078549, Gain: 85.60000000000014.

MESSAGE: Pygame initialized for simulation.
Test results trial 1: Fitness 93.40094470078549, Gain: 85.60000000000014.

MESSAGE: Pygame initialized for simulation.
Test results trial 1: Fitness 93.40094470078549, Gain: 85.60000000000014.

MESSAGE: Pygame initialized for simulation.
Test results trial 2: Fitness 93.2038995977956, Gain: 86.20000000000013.

MESSAGE: Pygame initialized for simulation.
Test results trial 2: Fitness 93.27173296930548, Gain: 85.60000000000014.

MESSAGE: Pygame initialized for simulation.
Test results trial 2: Fitness 93.27173296930548, Gain: 85.60000000000014.

MESSAGE: Pygame initialized for simulation.
Test results trial 2: Fitness 93.39173296930547, Gain: 86.80000000000013.

MESSAGE: Pygame initialized for simulation.
Test results trial 2: Fitness 93.38168263345197, Gain: 86.80000000000013.

MESSAGE: Pygame initialized for simulation.
Test results trial 3: Fitness 93.64624979919324, Gain: 87.40000000000012.

MESSAGE: Pygame initialized for simulation.
Test results trial 3: Fitness 86.18545348121256, Gain: 26.20000000000025.

MESSAGE: Pygame initialized for simulation.
Test results trial 3: Fitness 88.1622729459138, Gain: 43.00000000000029.

MESSAGE: Pygame initialized for simulation.
Test results trial 3: Fitness 90.61067522005318, Gain: 64.60000000000034.

MESSAGE: Pygame initialized for simulation.
Test results trial 3: Fitness 89.05322527308772, Gain: 51.40000000000031.

MESSAGE: Pygame initialized for simulation.
Test results trial 4: Fitness 91.24791083107561, Gain: 73.00000000000026.

MESSAGE: Pygame initialized for simulation.
Test results trial 4: Fitness 91.54791083107561, Gain: 76.00000000000023.

MESSAGE: Pygame initialized for simulation.
Test results trial 4: Fitness 91.24791083107561, Gain: 73.00000000000026.

MESSAGE: Pygame initialized for simulation.
Test results trial 4: Fitness 91.36791083107562, Gain: 74.20000000000024.

MESSAGE: Pygame initialized for simulation.
Test results trial 4: Fitness 91.18791083107561, Gain: 72.40000000000026.

MESSAGE: Pygame initialized for simulation.
Test results trial 5: Fitness 88.67028442909104, Gain: 49.60000000000031.

MESSAGE: Pygame initialized for simulation.
Test results trial 5: Fitness 86.85942485016034, Gain: 35.20000000000027.

MESSAGE: Pygame initialized for simulation.
Test results trial 5: Fitness 89.72809611683414, Gain: 59.80000000000033.

MESSAGE: Pygame initialized for simulation.
Test results trial 5: Fitness 88.44808288660742, Gain: 48.400000000000304.

MESSAGE: Pygame initialized for simulation.
Test results trial 5: Fitness 88.5319571254916, Gain: 47.8000000000003.

MESSAGE: Pygame initialized for simulation.
Test results trial 6: Fitness 92.69642023266132, Gain: 83.80000000000015.

MESSAGE: Pygame initialized for simulation.
Test results trial 6: Fitness 94.48624979919323, Gain: 95.80000000000004.

MESSAGE: Pygame initialized for simulation.
Test results trial 6: Fitness 88.1132145892395, Gain: 46.6000000000003.

MESSAGE: Pygame initialized for simulation.
Test results trial 6: Fitness 94.40355803717006, Gain: 96.40000000000003.

MESSAGE: Pygame initialized for simulation.
Test results trial 6: Fitness 94.48624979919323, Gain: 95.80000000000004.

MESSAGE: Pygame initialized for simulation.
Test results trial 7: Fitness 90.02544845445563, Gain: 58.00000000000033.

MESSAGE: Pygame initialized for simulation.
Test results trial 7: Fitness 87.12380692395706, Gain: 36.400000000000276.

MESSAGE: Pygame initialized for simulation.
Test results trial 7: Fitness 88.83389323451847, Gain: 50.80000000000031.

MESSAGE: Pygame initialized for simulation.
Test results trial 7: Fitness 89.81346333071257, Gain: 60.40000000000033.

MESSAGE: Pygame initialized for simulation.
Test results trial 7: Fitness 89.31002475774055, Gain: 55.60000000000032.

MESSAGE: Pygame initialized for simulation.
Test results trial 8: Fitness 87.39196501081939, Gain: 33.40000000000027.

MESSAGE: Pygame initialized for simulation.
Test results trial 8: Fitness 87.21196501081938, Gain: 31.600000000000264.

MESSAGE: Pygame initialized for simulation.
Test results trial 8: Fitness 90.75288973525116, Gain: 64.60000000000034.

MESSAGE: Pygame initialized for simulation.
Test results trial 8: Fitness 92.25425332628681, Gain: 74.80000000000024.

MESSAGE: Pygame initialized for simulation.
Test results trial 8: Fitness 92.25425332628681, Gain: 74.80000000000024.

MESSAGE: Pygame initialized for simulation.
Test results trial 9: Fitness 92.1229722985938, Gain: 78.4000000000002.

MESSAGE: Pygame initialized for simulation.
Test results trial 9: Fitness 92.46667673282852, Gain: 81.40000000000018.

MESSAGE: Pygame initialized for simulation.
Test results trial 9: Fitness 92.46667673282852, Gain: 81.40000000000018.

MESSAGE: Pygame initialized for simulation.
Test results trial 9: Fitness 91.25858578874555, Gain: 72.40000000000026.

MESSAGE: Pygame initialized for simulation.
Test results trial 9: Fitness 92.46667673282852, Gain: 81.40000000000018.

MESSAGE: Pygame initialized for simulation.
Test results trial 10: Fitness 87.05453996374472, Gain: 38.80000000000028.

MESSAGE: Pygame initialized for simulation.
Test results trial 10: Fitness 88.81743476007274, Gain: 51.40000000000031.

MESSAGE: Pygame initialized for simulation.
Test results trial 10: Fitness 89.63787858127888, Gain: 59.80000000000033.

MESSAGE: Pygame initialized for simulation.
Test results trial 10: Fitness 89.98042613132765, Gain: 63.40000000000034.

MESSAGE: Pygame initialized for simulation.
Test results trial 10: Fitness 90.67385052684493, Gain: 70.00000000000028.
5 fitness 90.89802594703733 1.772946828547085
5 gains 67.32400000000023 14.342289357002882
5 player life 67.32400000000023 14.342289357002882
5 enemy life 0.0 0.0

MESSAGE: Pygame initialized for simulation.
Test results trial 1: Fitness 85.43060701409176, Gain: 11.80000000000023.

MESSAGE: Pygame initialized for simulation.
Test results trial 1: Fitness 85.43060701409176, Gain: 11.80000000000023.

MESSAGE: Pygame initialized for simulation.
Test results trial 1: Fitness 85.43060701409176, Gain: 11.80000000000023.

MESSAGE: Pygame initialized for simulation.
Test results trial 1: Fitness 85.43060701409176, Gain: 11.80000000000023.

MESSAGE: Pygame initialized for simulation.
Test results trial 1: Fitness 85.43060701409176, Gain: 11.80000000000023.

MESSAGE: Pygame initialized for simulation.
Test results trial 2: Fitness 74.51536476436475, Gain: -10.0.

MESSAGE: Pygame initialized for simulation.
Test results trial 2: Fitness 74.51536476436475, Gain: -10.0.

MESSAGE: Pygame initialized for simulation.
Test results trial 2: Fitness 74.51536476436475, Gain: -10.0.

MESSAGE: Pygame initialized for simulation.
Test results trial 2: Fitness 74.51536476436475, Gain: -10.0.

MESSAGE: Pygame initialized for simulation.
Test results trial 2: Fitness 74.51536476436475, Gain: -10.0.

MESSAGE: Pygame initialized for simulation.
Test results trial 3: Fitness 48.20394224923463, Gain: -40.0.

MESSAGE: Pygame initialized for simulation.
Test results trial 3: Fitness 48.20394224923463, Gain: -40.0.

MESSAGE: Pygame initialized for simulation.
Test results trial 3: Fitness 48.20394224923463, Gain: -40.0.

MESSAGE: Pygame initialized for simulation.
Test results trial 3: Fitness 48.20394224923463, Gain: -40.0.

MESSAGE: Pygame initialized for simulation.
Test results trial 3: Fitness 48.20394224923463, Gain: -40.0.

MESSAGE: Pygame initialized for simulation.
Test results trial 4: Fitness 65.48528730912747, Gain: -20.0.

MESSAGE: Pygame initialized for simulation.
Test results trial 4: Fitness 65.48528730912747, Gain: -20.0.

MESSAGE: Pygame initialized for simulation.
Test results trial 4: Fitness 65.48528730912747, Gain: -20.0.

MESSAGE: Pygame initialized for simulation.
Test results trial 4: Fitness 65.48528730912747, Gain: -20.0.

MESSAGE: Pygame initialized for simulation.
Test results trial 4: Fitness 65.48528730912747, Gain: -20.0.

MESSAGE: Pygame initialized for simulation.
Test results trial 5: Fitness 65.95736716631762, Gain: -20.0.

MESSAGE: Pygame initialized for simulation.
Test results trial 5: Fitness 65.95736716631762, Gain: -20.0.

MESSAGE: Pygame initialized for simulation.
Test results trial 5: Fitness 65.95736716631762, Gain: -20.0.

MESSAGE: Pygame initialized for simulation.
Test results trial 5: Fitness 65.95736716631762, Gain: -20.0.

MESSAGE: Pygame initialized for simulation.
Test results trial 5: Fitness 65.95736716631762, Gain: -20.0.

MESSAGE: Pygame initialized for simulation.
Test results trial 6: Fitness 65.83458214576858, Gain: -20.0.

MESSAGE: Pygame initialized for simulation.
Test results trial 6: Fitness 65.83458214576858, Gain: -20.0.

MESSAGE: Pygame initialized for simulation.
Test results trial 6: Fitness 65.83458214576858, Gain: -20.0.

MESSAGE: Pygame initialized for simulation.
Test results trial 6: Fitness 65.83458214576858, Gain: -20.0.

MESSAGE: Pygame initialized for simulation.
Test results trial 6: Fitness 65.83458214576858, Gain: -20.0.

MESSAGE: Pygame initialized for simulation.
Test results trial 7: Fitness 84.39009901717179, Gain: 7.600000000000232.

MESSAGE: Pygame initialized for simulation.
Test results trial 7: Fitness 84.39009901717179, Gain: 7.600000000000232.

MESSAGE: Pygame initialized for simulation.
Test results trial 7: Fitness 84.39009901717179, Gain: 7.600000000000232.

MESSAGE: Pygame initialized for simulation.
Test results trial 7: Fitness 84.39009901717179, Gain: 7.600000000000232.

MESSAGE: Pygame initialized for simulation.
Test results trial 7: Fitness 84.39009901717179, Gain: 7.600000000000232.

MESSAGE: Pygame initialized for simulation.
Test results trial 8: Fitness 66.12226421822037, Gain: -20.0.

MESSAGE: Pygame initialized for simulation.
Test results trial 8: Fitness 66.12226421822037, Gain: -20.0.

MESSAGE: Pygame initialized for simulation.
Test results trial 8: Fitness 66.12226421822037, Gain: -20.0.

MESSAGE: Pygame initialized for simulation.
Test results trial 8: Fitness 66.12226421822037, Gain: -20.0.

MESSAGE: Pygame initialized for simulation.
Test results trial 8: Fitness 66.12226421822037, Gain: -20.0.

MESSAGE: Pygame initialized for simulation.
Test results trial 9: Fitness 56.68645195372291, Gain: -30.0.

MESSAGE: Pygame initialized for simulation.
Test results trial 9: Fitness 56.68645195372291, Gain: -30.0.

MESSAGE: Pygame initialized for simulation.
Test results trial 9: Fitness 56.68645195372291, Gain: -30.0.

MESSAGE: Pygame initialized for simulation.
Test results trial 9: Fitness 56.68645195372291, Gain: -30.0.

MESSAGE: Pygame initialized for simulation.
Test results trial 9: Fitness 56.68645195372291, Gain: -30.0.

MESSAGE: Pygame initialized for simulation.
Test results trial 10: Fitness 48.15645558296864, Gain: -40.0.

MESSAGE: Pygame initialized for simulation.
Test results trial 10: Fitness 48.15645558296864, Gain: -40.0.

MESSAGE: Pygame initialized for simulation.
Test results trial 10: Fitness 48.15645558296864, Gain: -40.0.

MESSAGE: Pygame initialized for simulation.
Test results trial 10: Fitness 48.15645558296864, Gain: -40.0.

MESSAGE: Pygame initialized for simulation.
Test results trial 10: Fitness 48.15645558296864, Gain: -40.0.
6 fitness 66.07824214209884 12.289578649812634
6 gains -18.059999999999953 16.53893587870763
6 player life 1.9400000000000464 3.9920420839466004
6 enemy life 20.0 13.416407864998739

MESSAGE: Pygame initialized for simulation.
Test results trial 1: Fitness -2.772588722239781, Gain: -100.

MESSAGE: Pygame initialized for simulation.
Test results trial 1: Fitness -2.772588722239781, Gain: -100.

MESSAGE: Pygame initialized for simulation.
Test results trial 1: Fitness -2.772588722239781, Gain: -100.

MESSAGE: Pygame initialized for simulation.
Test results trial 1: Fitness -2.772588722239781, Gain: -100.

MESSAGE: Pygame initialized for simulation.
Test results trial 1: Fitness -2.772588722239781, Gain: -100.

MESSAGE: Pygame initialized for simulation.
Test results trial 2: Fitness -2.70805020110221, Gain: -100.

MESSAGE: Pygame initialized for simulation.
Test results trial 2: Fitness -2.70805020110221, Gain: -100.

MESSAGE: Pygame initialized for simulation.
Test results trial 2: Fitness -2.70805020110221, Gain: -100.

MESSAGE: Pygame initialized for simulation.
Test results trial 2: Fitness -2.70805020110221, Gain: -100.

MESSAGE: Pygame initialized for simulation.
Test results trial 2: Fitness -2.70805020110221, Gain: -100.

MESSAGE: Pygame initialized for simulation.
Test results trial 3: Fitness 13.76589349540274, Gain: -80.0.

MESSAGE: Pygame initialized for simulation.
Test results trial 3: Fitness 13.76589349540274, Gain: -80.0.

MESSAGE: Pygame initialized for simulation.
Test results trial 3: Fitness 13.76589349540274, Gain: -80.0.

MESSAGE: Pygame initialized for simulation.
Test results trial 3: Fitness 13.76589349540274, Gain: -80.0.

MESSAGE: Pygame initialized for simulation.
Test results trial 3: Fitness 13.76589349540274, Gain: -80.0.

MESSAGE: Pygame initialized for simulation.
Test results trial 4: Fitness -2.70805020110221, Gain: -100.

MESSAGE: Pygame initialized for simulation.
Test results trial 4: Fitness -2.70805020110221, Gain: -100.

MESSAGE: Pygame initialized for simulation.
Test results trial 4: Fitness -2.70805020110221, Gain: -100.

MESSAGE: Pygame initialized for simulation.
Test results trial 4: Fitness -2.70805020110221, Gain: -100.

MESSAGE: Pygame initialized for simulation.
Test results trial 4: Fitness -2.70805020110221, Gain: -100.

MESSAGE: Pygame initialized for simulation.
Test results trial 5: Fitness 30.531939858864867, Gain: -60.0.

MESSAGE: Pygame initialized for simulation.
Test results trial 5: Fitness 30.531939858864867, Gain: -60.0.

MESSAGE: Pygame initialized for simulation.
Test results trial 5: Fitness 30.531939858864867, Gain: -60.0.

MESSAGE: Pygame initialized for simulation.
Test results trial 5: Fitness 30.531939858864867, Gain: -60.0.

MESSAGE: Pygame initialized for simulation.
Test results trial 5: Fitness 30.531939858864867, Gain: -60.0.

MESSAGE: Pygame initialized for simulation.
Test results trial 6: Fitness 31.64329117331041, Gain: -60.0.

MESSAGE: Pygame initialized for simulation.
Test results trial 6: Fitness 31.64329117331041, Gain: -60.0.

MESSAGE: Pygame initialized for simulation.
Test results trial 6: Fitness 31.64329117331041, Gain: -60.0.

MESSAGE: Pygame initialized for simulation.
Test results trial 6: Fitness 31.64329117331041, Gain: -60.0.

MESSAGE: Pygame initialized for simulation.
Test results trial 6: Fitness 31.64329117331041, Gain: -60.0.

MESSAGE: Pygame initialized for simulation.
Test results trial 7: Fitness -2.70805020110221, Gain: -100.

MESSAGE: Pygame initialized for simulation.
Test results trial 7: Fitness -2.70805020110221, Gain: -100.

MESSAGE: Pygame initialized for simulation.
Test results trial 7: Fitness -2.70805020110221, Gain: -100.

MESSAGE: Pygame initialized for simulation.
Test results trial 7: Fitness -2.70805020110221, Gain: -100.

MESSAGE: Pygame initialized for simulation.
Test results trial 7: Fitness -2.70805020110221, Gain: -100.

MESSAGE: Pygame initialized for simulation.
Test results trial 8: Fitness 5.598802618337844, Gain: -90.0.

MESSAGE: Pygame initialized for simulation.
Test results trial 8: Fitness 5.598802618337844, Gain: -90.0.

MESSAGE: Pygame initialized for simulation.
Test results trial 8: Fitness 5.598802618337844, Gain: -90.0.

MESSAGE: Pygame initialized for simulation.
Test results trial 8: Fitness 5.598802618337844, Gain: -90.0.

MESSAGE: Pygame initialized for simulation.
Test results trial 8: Fitness 5.598802618337844, Gain: -90.0.

MESSAGE: Pygame initialized for simulation.
Test results trial 9: Fitness -2.70805020110221, Gain: -100.

MESSAGE: Pygame initialized for simulation.
Test results trial 9: Fitness -2.70805020110221, Gain: -100.

MESSAGE: Pygame initialized for simulation.
Test results trial 9: Fitness -2.70805020110221, Gain: -100.

MESSAGE: Pygame initialized for simulation.
Test results trial 9: Fitness -2.70805020110221, Gain: -100.

MESSAGE: Pygame initialized for simulation.
Test results trial 9: Fitness -2.70805020110221, Gain: -100.

MESSAGE: Pygame initialized for simulation.
Test results trial 10: Fitness 5.473639475383838, Gain: -90.0.

MESSAGE: Pygame initialized for simulation.
Test results trial 10: Fitness 5.473639475383838, Gain: -90.0.

MESSAGE: Pygame initialized for simulation.
Test results trial 10: Fitness 5.473639475383838, Gain: -90.0.

MESSAGE: Pygame initialized for simulation.
Test results trial 10: Fitness 5.473639475383838, Gain: -90.0.

MESSAGE: Pygame initialized for simulation.
Test results trial 10: Fitness 5.473639475383838, Gain: -90.0.
7 fitness 7.340877709465107 12.970893985199467
7 gains -88.0 15.362291495737216
7 player life 0.0 0.0
7 enemy life 88.0 15.362291495737216

MESSAGE: Pygame initialized for simulation.
Test results trial 1: Fitness 30.097366666598635, Gain: -60.0.

MESSAGE: Pygame initialized for simulation.
Test results trial 1: Fitness 30.097366666598635, Gain: -60.0.

MESSAGE: Pygame initialized for simulation.
Test results trial 1: Fitness 30.097366666598635, Gain: -60.0.

MESSAGE: Pygame initialized for simulation.
Test results trial 1: Fitness 30.097366666598635, Gain: -60.0.

MESSAGE: Pygame initialized for simulation.
Test results trial 1: Fitness 30.097366666598635, Gain: -60.0.

MESSAGE: Pygame initialized for simulation.
Test results trial 2: Fitness 85.50307034478388, Gain: 19.000000000000234.

MESSAGE: Pygame initialized for simulation.
Test results trial 2: Fitness 85.50307034478388, Gain: 19.000000000000234.

MESSAGE: Pygame initialized for simulation.
Test results trial 2: Fitness 85.50307034478388, Gain: 19.000000000000234.

MESSAGE: Pygame initialized for simulation.
Test results trial 2: Fitness 85.50307034478388, Gain: 19.000000000000234.

MESSAGE: Pygame initialized for simulation.
Test results trial 2: Fitness 85.50307034478388, Gain: 19.000000000000234.

MESSAGE: Pygame initialized for simulation.
Test results trial 3: Fitness 65.69555119757801, Gain: -20.0.

MESSAGE: Pygame initialized for simulation.
Test results trial 3: Fitness 65.69555119757801, Gain: -20.0.

MESSAGE: Pygame initialized for simulation.
Test results trial 3: Fitness 65.69555119757801, Gain: -20.0.

MESSAGE: Pygame initialized for simulation.
Test results trial 3: Fitness 65.69555119757801, Gain: -20.0.

MESSAGE: Pygame initialized for simulation.
Test results trial 3: Fitness 65.69555119757801, Gain: -20.0.

MESSAGE: Pygame initialized for simulation.
Test results trial 4: Fitness 38.623273052101375, Gain: -50.0.

MESSAGE: Pygame initialized for simulation.
Test results trial 4: Fitness 38.623273052101375, Gain: -50.0.

MESSAGE: Pygame initialized for simulation.
Test results trial 4: Fitness 38.623273052101375, Gain: -50.0.

MESSAGE: Pygame initialized for simulation.
Test results trial 4: Fitness 38.623273052101375, Gain: -50.0.

MESSAGE: Pygame initialized for simulation.
Test results trial 4: Fitness 38.623273052101375, Gain: -50.0.

MESSAGE: Pygame initialized for simulation.
Test results trial 5: Fitness 12.031292440014635, Gain: -80.0.

MESSAGE: Pygame initialized for simulation.
Test results trial 5: Fitness 12.031292440014635, Gain: -80.0.

MESSAGE: Pygame initialized for simulation.
Test results trial 5: Fitness 12.031292440014635, Gain: -80.0.

MESSAGE: Pygame initialized for simulation.
Test results trial 5: Fitness 12.031292440014635, Gain: -80.0.

MESSAGE: Pygame initialized for simulation.
Test results trial 5: Fitness 12.031292440014635, Gain: -80.0.

MESSAGE: Pygame initialized for simulation.
Test results trial 6: Fitness 47.591471208940504, Gain: -40.0.

MESSAGE: Pygame initialized for simulation.
Test results trial 6: Fitness 47.591471208940504, Gain: -40.0.

MESSAGE: Pygame initialized for simulation.
Test results trial 6: Fitness 47.591471208940504, Gain: -40.0.

MESSAGE: Pygame initialized for simulation.
Test results trial 6: Fitness 47.591471208940504, Gain: -40.0.

MESSAGE: Pygame initialized for simulation.
Test results trial 6: Fitness 47.591471208940504, Gain: -40.0.

MESSAGE: Pygame initialized for simulation.
Test results trial 7: Fitness 83.79351154254233, Gain: 2.200000000000234.

MESSAGE: Pygame initialized for simulation.
Test results trial 7: Fitness 83.79351154254233, Gain: 2.200000000000234.

MESSAGE: Pygame initialized for simulation.
Test results trial 7: Fitness 83.79351154254233, Gain: 2.200000000000234.

MESSAGE: Pygame initialized for simulation.
Test results trial 7: Fitness 83.79351154254233, Gain: 2.200000000000234.

MESSAGE: Pygame initialized for simulation.
Test results trial 7: Fitness 83.79351154254233, Gain: 2.200000000000234.

MESSAGE: Pygame initialized for simulation.
Test results trial 8: Fitness 38.73279945145864, Gain: -50.0.

MESSAGE: Pygame initialized for simulation.
Test results trial 8: Fitness 38.73279945145864, Gain: -50.0.

MESSAGE: Pygame initialized for simulation.
Test results trial 8: Fitness 38.73279945145864, Gain: -50.0.

MESSAGE: Pygame initialized for simulation.
Test results trial 8: Fitness 38.73279945145864, Gain: -50.0.

MESSAGE: Pygame initialized for simulation.
Test results trial 8: Fitness 38.73279945145864, Gain: -50.0.

MESSAGE: Pygame initialized for simulation.
Test results trial 9: Fitness 21.213102618633293, Gain: -70.0.

MESSAGE: Pygame initialized for simulation.
Test results trial 9: Fitness 21.213102618633293, Gain: -70.0.

MESSAGE: Pygame initialized for simulation.
Test results trial 9: Fitness 21.213102618633293, Gain: -70.0.

MESSAGE: Pygame initialized for simulation.
Test results trial 9: Fitness 21.213102618633293, Gain: -70.0.

MESSAGE: Pygame initialized for simulation.
Test results trial 9: Fitness 21.213102618633293, Gain: -70.0.

MESSAGE: Pygame initialized for simulation.
Test results trial 10: Fitness 39.01858578874552, Gain: -50.0.

MESSAGE: Pygame initialized for simulation.
Test results trial 10: Fitness 39.01858578874552, Gain: -50.0.

MESSAGE: Pygame initialized for simulation.
Test results trial 10: Fitness 39.01858578874552, Gain: -50.0.

MESSAGE: Pygame initialized for simulation.
Test results trial 10: Fitness 39.01858578874552, Gain: -50.0.

MESSAGE: Pygame initialized for simulation.
Test results trial 10: Fitness 39.01858578874552, Gain: -50.0.
8 fitness 46.23000243113968 23.570927343818536
8 gains -39.87999999999995 29.76860090766788
8 player life 2.1200000000000467 5.664768309472224
8 enemy life 42.0 26.0
