pygame 1.9.6
Hello from the pygame community. https://www.pygame.org/contribute.html

MESSAGE: Pygame initialized for simulation.

 ****** Running generation 0 ****** 

Population's average fitness: -3.91451 stdev: 6.14872
Best fitness: 16.52472 - size: (15, 250) - species 1 - id 90
Average adjusted fitness: 0.411
Mean genetic distance 3.271, standard deviation 0.773
Population of 100 members in 1 species:
   ID   age  size  fitness  adj fit  stag
  ====  ===  ====  =======  =======  ====
     1    0   100     16.5    0.411     0
Total extinctions: 0
Generation time: 113.645 sec
dumped generation to NEAT_[1, 2, 3, 4, 5, 6, 7, 8]_7/last_generation.pkl

 ****** Running generation 1 ****** 

Population's average fitness: 5.66675 stdev: 12.07479
Best fitness: 39.11749 - size: (15, 247) - species 1 - id 161
Average adjusted fitness: 0.348
Mean genetic distance 3.184, standard deviation 0.900
Population of 100 members in 1 species:
   ID   age  size  fitness  adj fit  stag
  ====  ===  ====  =======  =======  ====
     1    1   100     39.1    0.348     0
Total extinctions: 0
Generation time: 124.635 sec (119.140 average)
dumped generation to NEAT_[1, 2, 3, 4, 5, 6, 7, 8]_7/last_generation.pkl

 ****** Running generation 2 ****** 

Population's average fitness: 1.80537 stdev: 12.12438
Best fitness: 39.47543 - size: (15, 249) - species 1 - id 232
Average adjusted fitness: 0.360
Mean genetic distance 3.195, standard deviation 0.887
Population of 100 members in 1 species:
   ID   age  size  fitness  adj fit  stag
  ====  ===  ====  =======  =======  ====
     1    2   100     39.5    0.360     0
Total extinctions: 0
Generation time: 117.307 sec (118.529 average)
dumped generation to NEAT_[1, 2, 3, 4, 5, 6, 7, 8]_7/last_generation.pkl

 ****** Running generation 3 ****** 

Population's average fitness: 1.89839 stdev: 9.49234
Best fitness: 33.48615 - size: (15, 246) - species 1 - id 339
Average adjusted fitness: 0.335
Mean genetic distance 3.427, standard deviation 0.565
Population of 100 members in 1 species:
   ID   age  size  fitness  adj fit  stag
  ====  ===  ====  =======  =======  ====
     1    3   100     33.5    0.335     1
Total extinctions: 0
Generation time: 119.625 sec (118.803 average)
dumped generation to NEAT_[1, 2, 3, 4, 5, 6, 7, 8]_7/last_generation.pkl

 ****** Running generation 4 ****** 

Population's average fitness: 10.22659 stdev: 14.36555
Best fitness: 51.17172 - size: (15, 245) - species 1 - id 440
Average adjusted fitness: 0.372
Mean genetic distance 3.126, standard deviation 0.958
Population of 100 members in 1 species:
   ID   age  size  fitness  adj fit  stag
  ====  ===  ====  =======  =======  ====
     1    4   100     51.2    0.372     0
Total extinctions: 0
Generation time: 129.900 sec (121.023 average)
dumped generation to NEAT_[1, 2, 3, 4, 5, 6, 7, 8]_7/last_generation.pkl

 ****** Running generation 5 ****** 

Population's average fitness: 7.91457 stdev: 13.14704
Best fitness: 57.31714 - size: (15, 244) - species 1 - id 555
Average adjusted fitness: 0.296
Mean genetic distance 3.150, standard deviation 0.951
Population of 100 members in 1 species:
   ID   age  size  fitness  adj fit  stag
  ====  ===  ====  =======  =======  ====
     1    5   100     57.3    0.296     0
Total extinctions: 0
Generation time: 122.277 sec (121.232 average)
dumped generation to NEAT_[1, 2, 3, 4, 5, 6, 7, 8]_7/last_generation.pkl

 ****** Running generation 6 ****** 

Population's average fitness: -0.89584 stdev: 8.80730
Best fitness: 28.04056 - size: (15, 237) - species 1 - id 643
Average adjusted fitness: 0.377
Mean genetic distance 2.911, standard deviation 1.139
Population of 100 members in 1 species:
   ID   age  size  fitness  adj fit  stag
  ====  ===  ====  =======  =======  ====
     1    6   100     28.0    0.377     1
Total extinctions: 0
Generation time: 111.495 sec (119.841 average)
dumped generation to NEAT_[1, 2, 3, 4, 5, 6, 7, 8]_7/last_generation.pkl

 ****** Running generation 7 ****** 

Population's average fitness: 14.74061 stdev: 15.41828
Best fitness: 55.82424 - size: (15, 243) - species 1 - id 792
Average adjusted fitness: 0.410
Mean genetic distance 3.162, standard deviation 0.993
Population of 100 members in 1 species:
   ID   age  size  fitness  adj fit  stag
  ====  ===  ====  =======  =======  ====
     1    7   100     55.8    0.410     2
Total extinctions: 0
Generation time: 139.848 sec (122.342 average)
dumped generation to NEAT_[1, 2, 3, 4, 5, 6, 7, 8]_7/last_generation.pkl

 ****** Running generation 8 ****** 

Population's average fitness: 15.79867 stdev: 15.72796
Best fitness: 65.29185 - size: (15, 235) - species 1 - id 814
Average adjusted fitness: 0.367
Mean genetic distance 3.323, standard deviation 0.814
Population of 100 members in 1 species:
   ID   age  size  fitness  adj fit  stag
  ====  ===  ====  =======  =======  ====
     1    8   100     65.3    0.367     0
Total extinctions: 0
Generation time: 125.871 sec (122.734 average)
dumped generation to NEAT_[1, 2, 3, 4, 5, 6, 7, 8]_7/last_generation.pkl

 ****** Running generation 9 ****** 

Population's average fitness: 10.24894 stdev: 10.96505
Best fitness: 37.77062 - size: (15, 234) - species 1 - id 925
Average adjusted fitness: 0.465
Mean genetic distance 2.591, standard deviation 1.108
Population of 100 members in 1 species:
   ID   age  size  fitness  adj fit  stag
  ====  ===  ====  =======  =======  ====
     1    9   100     37.8    0.465     1
Total extinctions: 0
Generation time: 139.364 sec (124.397 average)
dumped generation to NEAT_[1, 2, 3, 4, 5, 6, 7, 8]_7/last_generation.pkl

 ****** Running generation 10 ****** 

Population's average fitness: -0.21211 stdev: 9.55221
Best fitness: 25.40339 - size: (15, 236) - species 1 - id 1041
Average adjusted fitness: 0.422
Mean genetic distance 1.627, standard deviation 0.732
Population of 100 members in 1 species:
   ID   age  size  fitness  adj fit  stag
  ====  ===  ====  =======  =======  ====
     1   10   100     25.4    0.422     2
Total extinctions: 0
Generation time: 100.095 sec (123.042 average)
dumped generation to NEAT_[1, 2, 3, 4, 5, 6, 7, 8]_7/last_generation.pkl

 ****** Running generation 11 ****** 

Population's average fitness: 7.27917 stdev: 9.15308
Best fitness: 38.19827 - size: (15, 237) - species 1 - id 1191
Average adjusted fitness: 0.361
Mean genetic distance 1.519, standard deviation 0.583
Population of 100 members in 1 species:
   ID   age  size  fitness  adj fit  stag
  ====  ===  ====  =======  =======  ====
     1   11   100     38.2    0.361     3
Total extinctions: 0
Generation time: 117.299 sec (122.308 average)
dumped generation to NEAT_[1, 2, 3, 4, 5, 6, 7, 8]_7/last_generation.pkl

 ****** Running generation 12 ****** 

Population's average fitness: 9.21776 stdev: 9.27082
Best fitness: 36.02677 - size: (15, 229) - species 1 - id 1274
Average adjusted fitness: 0.459
Mean genetic distance 1.811, standard deviation 0.834
Population of 100 members in 1 species:
   ID   age  size  fitness  adj fit  stag
  ====  ===  ====  =======  =======  ====
     1   12   100     36.0    0.459     4
Total extinctions: 0
Generation time: 131.953 sec (123.773 average)
dumped generation to NEAT_[1, 2, 3, 4, 5, 6, 7, 8]_7/last_generation.pkl

 ****** Running generation 13 ****** 

Population's average fitness: 11.66001 stdev: 15.31192
Best fitness: 53.74144 - size: (15, 228) - species 1 - id 1307
Average adjusted fitness: 0.369
Mean genetic distance 2.128, standard deviation 0.967
Population of 100 members in 1 species:
   ID   age  size  fitness  adj fit  stag
  ====  ===  ====  =======  =======  ====
     1   13   100     53.7    0.369     5
Total extinctions: 0
Generation time: 136.008 sec (125.411 average)
dumped generation to NEAT_[1, 2, 3, 4, 5, 6, 7, 8]_7/last_generation.pkl

 ****** Running generation 14 ****** 

Population's average fitness: 33.84473 stdev: 27.70799
Best fitness: 88.84125 - size: (15, 229) - species 1 - id 1457
Average adjusted fitness: 0.445
Mean genetic distance 2.063, standard deviation 0.996
Population of 100 members in 1 species:
   ID   age  size  fitness  adj fit  stag
  ====  ===  ====  =======  =======  ====
     1   14   100     88.8    0.445     0
Total extinctions: 0
Generation time: 152.373 sec (127.658 average)
dumped generation to NEAT_[1, 2, 3, 4, 5, 6, 7, 8]_7/last_generation.pkl

 ****** Running generation 15 ****** 

Population's average fitness: 19.98585 stdev: 15.99940
Best fitness: 55.41082 - size: (15, 226) - species 1 - id 1528
Average adjusted fitness: 0.445
Mean genetic distance 2.972, standard deviation 0.976
Population of 100 members in 1 species:
   ID   age  size  fitness  adj fit  stag
  ====  ===  ====  =======  =======  ====
     1   15   100     55.4    0.445     1
Total extinctions: 0
Generation time: 128.729 sec (128.303 average)
dumped generation to NEAT_[1, 2, 3, 4, 5, 6, 7, 8]_7/last_generation.pkl

 ****** Running generation 16 ****** 

Population's average fitness: 19.56402 stdev: 15.56612
Best fitness: 56.18373 - size: (15, 223) - species 1 - id 1697
Average adjusted fitness: 0.444
Mean genetic distance 2.991, standard deviation 0.975
Population of 100 members in 1 species:
   ID   age  size  fitness  adj fit  stag
  ====  ===  ====  =======  =======  ====
     1   16   100     56.2    0.444     2
Total extinctions: 0
Generation time: 122.696 sec (129.424 average)
dumped generation to NEAT_[1, 2, 3, 4, 5, 6, 7, 8]_7/last_generation.pkl

 ****** Running generation 17 ****** 

Population's average fitness: 3.34156 stdev: 11.25006
Best fitness: 32.68748 - size: (15, 223) - species 1 - id 1708
Average adjusted fitness: 0.433
Mean genetic distance 3.529, standard deviation 0.552
Population of 100 members in 1 species:
   ID   age  size  fitness  adj fit  stag
  ====  ===  ====  =======  =======  ====
     1   17   100     32.7    0.433     3
Total extinctions: 0
Generation time: 118.841 sec (127.323 average)
dumped generation to NEAT_[1, 2, 3, 4, 5, 6, 7, 8]_7/last_generation.pkl

 ****** Running generation 18 ****** 

Population's average fitness: 3.80304 stdev: 11.49088
Best fitness: 35.20184 - size: (15, 221) - species 1 - id 1848
Average adjusted fitness: 0.424
Mean genetic distance 3.517, standard deviation 0.624
Population of 100 members in 1 species:
   ID   age  size  fitness  adj fit  stag
  ====  ===  ====  =======  =======  ====
     1   18   100     35.2    0.424     4
Total extinctions: 0
Generation time: 126.123 sec (127.348 average)
dumped generation to NEAT_[1, 2, 3, 4, 5, 6, 7, 8]_7/last_generation.pkl

 ****** Running generation 19 ****** 

Population's average fitness: 5.89132 stdev: 10.79966
Best fitness: 38.54041 - size: (15, 221) - species 1 - id 1996
Average adjusted fitness: 0.311
Mean genetic distance 3.430, standard deviation 0.685
Population of 100 members in 1 species:
   ID   age  size  fitness  adj fit  stag
  ====  ===  ====  =======  =======  ====
     1   19   100     38.5    0.311     5
Total extinctions: 0
Generation time: 111.575 sec (124.569 average)
dumped generation to NEAT_[1, 2, 3, 4, 5, 6, 7, 8]_7/last_generation.pkl

 ****** Running generation 20 ****** 

Population's average fitness: 7.10830 stdev: 10.23011
Best fitness: 37.47406 - size: (15, 223) - species 1 - id 2014
Average adjusted fitness: 0.357
Mean genetic distance 3.444, standard deviation 0.601
Population of 100 members in 1 species:
   ID   age  size  fitness  adj fit  stag
  ====  ===  ====  =======  =======  ====
     1   20   100     37.5    0.357     6
Total extinctions: 0
Generation time: 118.558 sec (126.416 average)
dumped generation to NEAT_[1, 2, 3, 4, 5, 6, 7, 8]_7/last_generation.pkl

 ****** Running generation 21 ****** 

Population's average fitness: 9.28448 stdev: 12.06127
Best fitness: 51.86916 - size: (15, 219) - species 1 - id 2114
Average adjusted fitness: 0.291
Mean genetic distance 3.158, standard deviation 0.981
Population of 100 members in 1 species:
   ID   age  size  fitness  adj fit  stag
  ====  ===  ====  =======  =======  ====
     1   21   100     51.9    0.291     7
Total extinctions: 0
Generation time: 122.126 sec (126.898 average)
dumped generation to NEAT_[1, 2, 3, 4, 5, 6, 7, 8]_7/last_generation.pkl

 ****** Running generation 22 ****** 

Population's average fitness: 18.53208 stdev: 17.48781
Best fitness: 63.62760 - size: (15, 219) - species 1 - id 2249
Average adjusted fitness: 0.396
Mean genetic distance 3.041, standard deviation 1.029
Population of 100 members in 1 species:
   ID   age  size  fitness  adj fit  stag
  ====  ===  ====  =======  =======  ====
     1   22   100     63.6    0.396     8
Total extinctions: 0
Generation time: 124.306 sec (126.134 average)
dumped generation to NEAT_[1, 2, 3, 4, 5, 6, 7, 8]_7/last_generation.pkl

 ****** Running generation 23 ****** 

Population's average fitness: 44.80489 stdev: 23.89168
Best fitness: 85.31504 - size: (15, 222) - species 1 - id 2391
Average adjusted fitness: 0.558
Mean genetic distance 2.713, standard deviation 1.172
Population of 100 members in 1 species:
   ID   age  size  fitness  adj fit  stag
  ====  ===  ====  =======  =======  ====
     1   23   100     85.3    0.558     9
Total extinctions: 0
Generation time: 135.324 sec (126.065 average)
dumped generation to NEAT_[1, 2, 3, 4, 5, 6, 7, 8]_7/last_generation.pkl

 ****** Running generation 24 ****** 

Population's average fitness: 8.15636 stdev: 12.13733
Best fitness: 45.03714 - size: (15, 215) - species 1 - id 2489
Average adjusted fitness: 0.343
Mean genetic distance 2.457, standard deviation 1.268
Population of 100 members in 1 species:
   ID   age  size  fitness  adj fit  stag
  ====  ===  ====  =======  =======  ====
     1   24   100     45.0    0.343    10
Total extinctions: 0
Generation time: 109.872 sec (121.815 average)
dumped generation to NEAT_[1, 2, 3, 4, 5, 6, 7, 8]_7/last_generation.pkl

 ****** Running generation 25 ****** 

Population's average fitness: 8.86678 stdev: 9.65513
Best fitness: 30.12072 - size: (15, 213) - species 1 - id 2528
Average adjusted fitness: 0.491
Mean genetic distance 2.197, standard deviation 1.156
Population of 100 members in 1 species:
   ID   age  size  fitness  adj fit  stag
  ====  ===  ====  =======  =======  ====
     1   25   100     30.1    0.491    11
Total extinctions: 0
Generation time: 93.549 sec (118.297 average)
dumped generation to NEAT_[1, 2, 3, 4, 5, 6, 7, 8]_7/last_generation.pkl

 ****** Running generation 26 ****** 

Population's average fitness: 14.42649 stdev: 11.58717
Best fitness: 36.94069 - size: (15, 215) - species 1 - id 2692
Average adjusted fitness: 0.571
Mean genetic distance 1.916, standard deviation 1.077
Population of 100 members in 1 species:
   ID   age  size  fitness  adj fit  stag
  ====  ===  ====  =======  =======  ====
     1   26   100     36.9    0.571    12
Total extinctions: 0
Generation time: 122.924 sec (118.320 average)
dumped generation to NEAT_[1, 2, 3, 4, 5, 6, 7, 8]_7/last_generation.pkl

 ****** Running generation 27 ****** 

Population's average fitness: 16.27791 stdev: 18.82366
Best fitness: 57.14219 - size: (15, 209) - species 1 - id 2731
Average adjusted fitness: 0.426
Mean genetic distance 1.652, standard deviation 0.790
Population of 100 members in 1 species:
   ID   age  size  fitness  adj fit  stag
  ====  ===  ====  =======  =======  ====
     1   27   100     57.1    0.426    13
Total extinctions: 0
Generation time: 145.359 sec (120.972 average)
dumped generation to NEAT_[1, 2, 3, 4, 5, 6, 7, 8]_7/last_generation.pkl

 ****** Running generation 28 ****** 

Population's average fitness: 8.80792 stdev: 12.33327
Best fitness: 37.28441 - size: (15, 209) - species 1 - id 2894
Average adjusted fitness: 0.438
Mean genetic distance 1.922, standard deviation 0.883
Population of 100 members in 1 species:
   ID   age  size  fitness  adj fit  stag
  ====  ===  ====  =======  =======  ====
     1   28   100     37.3    0.438    14
Total extinctions: 0
Generation time: 115.106 sec (119.870 average)
dumped generation to NEAT_[1, 2, 3, 4, 5, 6, 7, 8]_7/last_generation.pkl

 ****** Running generation 29 ****** 

Population's average fitness: 5.84452 stdev: 10.60569
Best fitness: 34.76279 - size: (15, 209) - species 1 - id 2971
Average adjusted fitness: 0.402
Mean genetic distance 2.058, standard deviation 0.841
Population of 100 members in 1 species:
   ID   age  size  fitness  adj fit  stag
  ====  ===  ====  =======  =======  ====
     1   29   100     34.8    0.402    15
Total extinctions: 0
Generation time: 105.500 sec (119.262 average)
dumped generation to NEAT_[1, 2, 3, 4, 5, 6, 7, 8]_7/last_generation.pkl

 ****** Running generation 30 ****** 

Population's average fitness: 16.91789 stdev: 15.17427
Best fitness: 53.08997 - size: (15, 208) - species 1 - id 3034
Average adjusted fitness: 0.485
Mean genetic distance 1.717, standard deviation 0.478
Population of 100 members in 1 species:
   ID   age  size  fitness  adj fit  stag
  ====  ===  ====  =======  =======  ====
     1   30   100     53.1    0.485    16
Total extinctions: 0
Generation time: 118.473 sec (119.254 average)
dumped generation to NEAT_[1, 2, 3, 4, 5, 6, 7, 8]_7/last_generation.pkl

 ****** Running generation 31 ****** 

Population's average fitness: 30.49894 stdev: 30.22595
Best fitness: 87.78772 - size: (15, 207) - species 1 - id 3171
Average adjusted fitness: 0.440
Mean genetic distance 1.606, standard deviation 0.201
Population of 100 members in 1 species:
   ID   age  size  fitness  adj fit  stag
  ====  ===  ====  =======  =======  ====
     1   31   100     87.8    0.440    17
Total extinctions: 0
Generation time: 164.064 sec (123.448 average)
dumped generation to NEAT_[1, 2, 3, 4, 5, 6, 7, 8]_7/last_generation.pkl

 ****** Running generation 32 ****** 

Population's average fitness: 6.75032 stdev: 12.63166
Best fitness: 37.19661 - size: (15, 211) - species 1 - id 3247
Average adjusted fitness: 0.459
Mean genetic distance 1.651, standard deviation 0.258
Population of 100 members in 1 species:
   ID   age  size  fitness  adj fit  stag
  ====  ===  ====  =======  =======  ====
     1   32   100     37.2    0.459    18
Total extinctions: 0
Generation time: 200.017 sec (131.019 average)
dumped generation to NEAT_[1, 2, 3, 4, 5, 6, 7, 8]_7/last_generation.pkl

 ****** Running generation 33 ****** 

Population's average fitness: 19.74585 stdev: 16.96415
Best fitness: 56.69221 - size: (15, 204) - species 1 - id 3334
Average adjusted fitness: 0.510
Mean genetic distance 1.753, standard deviation 0.212
Population of 100 members in 1 species:
   ID   age  size  fitness  adj fit  stag
  ====  ===  ====  =======  =======  ====
     1   33   100     56.7    0.510    19
Total extinctions: 0
Generation time: 178.719 sec (135.358 average)
dumped generation to NEAT_[1, 2, 3, 4, 5, 6, 7, 8]_7/last_generation.pkl

 ****** Running generation 34 ****** 

Population's average fitness: 14.85527 stdev: 14.72540
Best fitness: 37.95175 - size: (15, 200) - species 1 - id 3453
Average adjusted fitness: 0.584
Mean genetic distance 1.872, standard deviation 0.224
Population of 100 members in 1 species:
   ID   age  size  fitness  adj fit  stag
  ====  ===  ====  =======  =======  ====
     1   34   100     38.0    0.584    20
Total extinctions: 0
Generation time: 173.854 sec (141.757 average)
dumped generation to NEAT_[1, 2, 3, 4, 5, 6, 7, 8]_7/last_generation.pkl

 ****** Running generation 35 ****** 

Population's average fitness: 9.78875 stdev: 12.99883
Best fitness: 53.58469 - size: (15, 200) - species 1 - id 3568
Average adjusted fitness: 0.302
Mean genetic distance 1.865, standard deviation 0.225
Population of 100 members in 1 species:
   ID   age  size  fitness  adj fit  stag
  ====  ===  ====  =======  =======  ====
     1   35   100     53.6    0.302    21
Total extinctions: 0
Generation time: 172.840 sec (149.686 average)
dumped generation to NEAT_[1, 2, 3, 4, 5, 6, 7, 8]_7/last_generation.pkl

 ****** Running generation 36 ****** 

Population's average fitness: 14.49196 stdev: 15.55657
Best fitness: 48.74787 - size: (15, 211) - species 1 - id 3643
Average adjusted fitness: 0.427
Mean genetic distance 1.779, standard deviation 0.170
Population of 100 members in 1 species:
   ID   age  size  fitness  adj fit  stag
  ====  ===  ====  =======  =======  ====
     1   36   100     48.7    0.427    22
Total extinctions: 0
Generation time: 203.068 sec (157.700 average)
dumped generation to NEAT_[1, 2, 3, 4, 5, 6, 7, 8]_7/last_generation.pkl

 ****** Running generation 37 ****** 

Population's average fitness: 8.80308 stdev: 11.42960
Best fitness: 51.86170 - size: (15, 204) - species 1 - id 3706
Average adjusted fitness: 0.310
Mean genetic distance 1.802, standard deviation 0.173
Population of 100 members in 1 species:
   ID   age  size  fitness  adj fit  stag
  ====  ===  ====  =======  =======  ====
     1   37   100     51.9    0.310    23
Total extinctions: 0
Generation time: 172.437 sec (160.408 average)
dumped generation to NEAT_[1, 2, 3, 4, 5, 6, 7, 8]_7/last_generation.pkl

 ****** Running generation 38 ****** 

Population's average fitness: 18.80785 stdev: 16.08893
Best fitness: 48.92765 - size: (15, 201) - species 1 - id 3844
Average adjusted fitness: 0.479
Mean genetic distance 1.740, standard deviation 0.194
Population of 100 members in 1 species:
   ID   age  size  fitness  adj fit  stag
  ====  ===  ====  =======  =======  ====
     1   38   100     48.9    0.479    24
Total extinctions: 0
Generation time: 207.391 sec (169.636 average)
dumped generation to NEAT_[1, 2, 3, 4, 5, 6, 7, 8]_7/last_generation.pkl

 ****** Running generation 39 ****** 

Population's average fitness: 9.93833 stdev: 10.83442
Best fitness: 42.72306 - size: (15, 199) - species 1 - id 3941
Average adjusted fitness: 0.355
Mean genetic distance 1.641, standard deviation 0.229
Population of 100 members in 1 species:
   ID   age  size  fitness  adj fit  stag
  ====  ===  ====  =======  =======  ====
     1   39   100     42.7    0.355    25
Total extinctions: 0
Generation time: 184.992 sec (177.586 average)
dumped generation to NEAT_[1, 2, 3, 4, 5, 6, 7, 8]_7/last_generation.pkl

 ****** Running generation 40 ****** 

Population's average fitness: 6.56351 stdev: 10.75248
Best fitness: 46.58592 - size: (15, 199) - species 1 - id 4007
Average adjusted fitness: 0.340
Mean genetic distance 1.712, standard deviation 0.194
Population of 100 members in 1 species:
   ID   age  size  fitness  adj fit  stag
  ====  ===  ====  =======  =======  ====
     1   40   100     46.6    0.340    26
Total extinctions: 0
Generation time: 176.825 sec (183.421 average)
dumped generation to NEAT_[1, 2, 3, 4, 5, 6, 7, 8]_7/last_generation.pkl

 ****** Running generation 41 ****** 

Population's average fitness: 31.63844 stdev: 26.79101
Best fitness: 86.68689 - size: (15, 202) - species 1 - id 4143
Average adjusted fitness: 0.434
Mean genetic distance 1.700, standard deviation 0.163
Population of 100 members in 1 species:
   ID   age  size  fitness  adj fit  stag
  ====  ===  ====  =======  =======  ====
     1   41   100     86.7    0.434    27
Total extinctions: 0
Generation time: 203.624 sec (187.377 average)
dumped generation to NEAT_[1, 2, 3, 4, 5, 6, 7, 8]_7/last_generation.pkl

 ****** Running generation 42 ****** 

Population's average fitness: 16.96534 stdev: 16.06804
Best fitness: 55.72698 - size: (15, 197) - species 1 - id 4264
Average adjusted fitness: 0.441
Mean genetic distance 1.749, standard deviation 0.186
Population of 100 members in 1 species:
   ID   age  size  fitness  adj fit  stag
  ====  ===  ====  =======  =======  ====
     1   42   100     55.7    0.441    28
Total extinctions: 0
Generation time: 172.368 sec (184.612 average)
dumped generation to NEAT_[1, 2, 3, 4, 5, 6, 7, 8]_7/last_generation.pkl

 ****** Running generation 43 ****** 

Population's average fitness: 44.19909 stdev: 25.84486
Best fitness: 88.36263 - size: (15, 195) - species 1 - id 4347
Average adjusted fitness: 0.579
Mean genetic distance 1.764, standard deviation 0.221
Population of 100 members in 1 species:
   ID   age  size  fitness  adj fit  stag
  ====  ===  ====  =======  =======  ====
     1   43   100     88.4    0.579    29
Total extinctions: 0
Generation time: 205.754 sec (187.315 average)
dumped generation to NEAT_[1, 2, 3, 4, 5, 6, 7, 8]_7/last_generation.pkl

 ****** Running generation 44 ****** 

Population's average fitness: 15.66595 stdev: 18.98253
Best fitness: 77.42965 - size: (15, 196) - species 1 - id 4443
Average adjusted fitness: 0.325
Mean genetic distance 1.794, standard deviation 0.279
Population of 100 members in 1 species:
   ID   age  size  fitness  adj fit  stag